2025-08-12 19:38:36,606 - ERROR - DuckDNS IP 업데이트 실패: KO
2025-08-12 19:43:37,569 - ERROR - DuckDNS IP 업데이트 실패: KO
2025-08-12 19:46:50,988 - ERROR - DuckDNS IP 업데이트 실패: KO
2025-08-12 19:47:02,499 - INFO - 사용자에 의해 스크립트 중단
2025-08-14 19:57:13,729 - WARNING - 환경변수 파일을 찾을 수 없습니다: security.env
2025-08-14 19:57:56,745 - INFO - 환경변수 로드: SECRET_KEY
2025-08-14 19:57:56,745 - INFO - 환경변수 로드: MAX_LOGIN_ATTEMPTS
2025-08-14 19:57:56,745 - INFO - 환경변수 로드: LOCKOUT_DURATION
2025-08-14 19:57:56,751 - INFO - 환경변수 로드: SESSION_TIMEOUT
2025-08-14 19:57:56,751 - INFO - 환경변수 로드: MAX_REQUESTS_PER_MINUTE
2025-08-14 19:57:56,751 - INFO - 환경변수 로드: REQUIRE_HTTPS
2025-08-14 19:57:56,751 - INFO - 환경변수 로드: CSRF_PROTECTION
2025-08-14 19:57:56,751 - INFO - 환경변수 로드: ADMIN_EMAIL
2025-08-14 19:57:56,751 - INFO - 환경변수 로드: ADMIN_PASSWORD
2025-08-14 19:57:56,751 - INFO - 환경변수 로드: ADMIN_NAME
2025-08-14 19:57:56,751 - INFO - 환경변수 로드: ALLOWED_IPS
2025-08-14 19:57:56,751 - INFO - 환경변수 로드: ALLOWED_USERS
2025-08-14 19:57:56,751 - INFO - 환경변수 로드: ADMIN_USERS
2025-08-14 19:57:56,751 - INFO - 환경변수 로드: DATA_DIR
2025-08-14 19:57:56,751 - INFO - 환경변수 로드: LISTING_SHEET_FILENAME
2025-08-14 19:57:56,751 - INFO - 환경변수 로드: MAP_CACHE_FILENAME
2025-08-14 19:57:56,751 - INFO - 환경변수 로드: LISTING_CACHE_FILE
2025-08-14 19:57:56,752 - INFO - 환경변수 로드: GEOCODE_CACHE_FILE
2025-08-14 19:57:56,752 - INFO - 환경변수 로드: DUCKDNS_TOKEN
2025-08-14 19:57:56,752 - INFO - 환경변수 로드: DUCKDNS_DOMAIN
2025-08-14 19:58:04,062 - INFO - 환경변수 로드: SECRET_KEY
2025-08-14 19:58:04,064 - INFO - 환경변수 로드: MAX_LOGIN_ATTEMPTS
2025-08-14 19:58:04,064 - INFO - 환경변수 로드: LOCKOUT_DURATION
2025-08-14 19:58:04,064 - INFO - 환경변수 로드: SESSION_TIMEOUT
2025-08-14 19:58:04,064 - INFO - 환경변수 로드: MAX_REQUESTS_PER_MINUTE
2025-08-14 19:58:04,064 - INFO - 환경변수 로드: REQUIRE_HTTPS
2025-08-14 19:58:04,064 - INFO - 환경변수 로드: CSRF_PROTECTION
2025-08-14 19:58:04,064 - INFO - 환경변수 로드: ADMIN_EMAIL
2025-08-14 19:58:04,064 - INFO - 환경변수 로드: ADMIN_PASSWORD
2025-08-14 19:58:04,064 - INFO - 환경변수 로드: ADMIN_NAME
2025-08-14 19:58:04,064 - INFO - 환경변수 로드: ALLOWED_IPS
2025-08-14 19:58:04,064 - INFO - 환경변수 로드: ALLOWED_USERS
2025-08-14 19:58:04,064 - INFO - 환경변수 로드: ADMIN_USERS
2025-08-14 19:58:04,064 - INFO - 환경변수 로드: DATA_DIR
2025-08-14 19:58:04,064 - INFO - 환경변수 로드: LISTING_SHEET_FILENAME
2025-08-14 19:58:04,064 - INFO - 환경변수 로드: MAP_CACHE_FILENAME
2025-08-14 19:58:04,064 - INFO - 환경변수 로드: LISTING_CACHE_FILE
2025-08-14 19:58:04,064 - INFO - 환경변수 로드: GEOCODE_CACHE_FILE
2025-08-14 19:58:04,064 - INFO - 환경변수 로드: DUCKDNS_TOKEN
2025-08-14 19:58:04,064 - INFO - 환경변수 로드: DUCKDNS_DOMAIN
2025-08-14 19:59:52,729 - INFO - 환경변수 로드: SECRET_KEY
2025-08-14 19:59:52,729 - INFO - 환경변수 로드: MAX_LOGIN_ATTEMPTS
2025-08-14 19:59:52,729 - INFO - 환경변수 로드: LOCKOUT_DURATION
2025-08-14 19:59:52,729 - INFO - 환경변수 로드: SESSION_TIMEOUT
2025-08-14 19:59:52,729 - INFO - 환경변수 로드: MAX_REQUESTS_PER_MINUTE
2025-08-14 19:59:52,729 - INFO - 환경변수 로드: REQUIRE_HTTPS
2025-08-14 19:59:52,729 - INFO - 환경변수 로드: CSRF_PROTECTION
2025-08-14 19:59:52,729 - INFO - 환경변수 로드: ADMIN_EMAIL
2025-08-14 19:59:52,729 - INFO - 환경변수 로드: ADMIN_PASSWORD
2025-08-14 19:59:52,730 - INFO - 환경변수 로드: ADMIN_NAME
2025-08-14 19:59:52,730 - INFO - 환경변수 로드: ALLOWED_IPS
2025-08-14 19:59:52,730 - INFO - 환경변수 로드: ALLOWED_USERS
2025-08-14 19:59:52,730 - INFO - 환경변수 로드: ADMIN_USERS
2025-08-14 19:59:52,730 - INFO - 환경변수 로드: DATA_DIR
2025-08-14 19:59:52,730 - INFO - 환경변수 로드: LISTING_SHEET_FILENAME
2025-08-14 19:59:52,730 - INFO - 환경변수 로드: MAP_CACHE_FILENAME
2025-08-14 19:59:52,730 - INFO - 환경변수 로드: LISTING_CACHE_FILE
2025-08-14 19:59:52,730 - INFO - 환경변수 로드: GEOCODE_CACHE_FILE
2025-08-14 19:59:52,730 - INFO - 환경변수 로드: DUCKDNS_TOKEN
2025-08-14 19:59:52,730 - INFO - 환경변수 로드: DUCKDNS_DOMAIN
2025-08-14 19:59:53,680 - ERROR - DuckDNS IP 업데이트 실패: KO
2025-08-14 20:00:08,756 - INFO - 사용자에 의해 스크립트 중단
